<?xml version="1.0" encoding="UTF-8"?>
<!-- Generated by org.testng.reporters.JUnitReportReporter -->
<testsuite hostname="DESKTOP-EBT47LB" failures="0" tests="1" name="Projet_CAIT.Webdriver_Admin_HRM.Connexion_TC" time="3.401" errors="0" timestamp="2020-07-27T12:30:46 CEST" skipped="0">
  <testcase classname="Projet_CAIT.Webdriver_Admin_HRM.Connexion_TC" name="Connexion" time="3.401"/>
  <system-out/>
</testsuite> <!-- Projet_CAIT.Webdriver_Admin_HRM.Connexion_TC -->
