<?xml version="1.0" encoding="UTF-8"?>
<!-- Generated by org.testng.reporters.JUnitReportReporter -->
<testsuite hostname="DESKTOP-EBT47LB" failures="0" tests="8" name="Projet_CAIT.Webdriver_Admin_HRM.TestNG" time="19.644" errors="0" timestamp="2020-07-28T03:59:38 CEST" skipped="3">
  <testcase classname="Projet_CAIT.Webdriver_Admin_HRM.TestNG" name="Connexion" time="6.464"/>
  <system-out/>
  <testcase classname="Projet_CAIT.Webdriver_Admin_HRM.TestNG" name="AjouterStatutEmploi" time="2.664"/>
  <system-out/>
  <testcase classname="Projet_CAIT.Webdriver_Admin_HRM.TestNG" name="AjouterStatutEmploi" time="6.733"/>
  <system-out/>
  <testcase classname="Projet_CAIT.Webdriver_Admin_HRM.TestNG" name="AjouterStatutEmploi" time="2.890"/>
  <system-out/>
  <testcase classname="Projet_CAIT.Webdriver_Admin_HRM.TestNG" name="SupprimerStatut" time="0.893"/>
  <system-out/>
  <testcase classname="Projet_CAIT.Webdriver_Admin_HRM.TestNG" name="AjouterTitre">
    <skipped/>
  </testcase> <!-- AjouterTitre -->
  <system-out/>
  <testcase classname="Projet_CAIT.Webdriver_Admin_HRM.TestNG" name="SupprimerTitre">
    <skipped/>
  </testcase> <!-- SupprimerTitre -->
  <system-out/>
  <testcase classname="Projet_CAIT.Webdriver_Admin_HRM.TestNG" name="AjouterUtilisateurAdminActif">
    <skipped/>
  </testcase> <!-- AjouterUtilisateurAdminActif -->
  <system-out/>
</testsuite> <!-- Projet_CAIT.Webdriver_Admin_HRM.TestNG -->
