<?xml version="1.0" encoding="UTF-8"?>
<!-- Generated by org.testng.reporters.JUnitReportReporter -->
<testsuite hostname="DESKTOP-EBT47LB" failures="0" tests="4" name="Projet_CAIT.Webdriver_Admin_HRM.TestNG" time="15.503" errors="0" timestamp="2020-07-27T03:34:43 CEST" skipped="1">
  <testcase classname="Projet_CAIT.Webdriver_Admin_HRM.TestNG" name="Connexion" time="3.185"/>
  <system-out/>
  <testcase classname="Projet_CAIT.Webdriver_Admin_HRM.TestNG" name="AjouterUtilisateurAdminActif" time="8.414"/>
  <system-out/>
  <testcase classname="Projet_CAIT.Webdriver_Admin_HRM.TestNG" name="AjouterTitre" time="3.904"/>
  <system-out/>
  <testcase classname="Projet_CAIT.Webdriver_Admin_HRM.TestNG" name="SupprimerTitre">
    <skipped/>
  </testcase> <!-- SupprimerTitre -->
  <system-out/>
</testsuite> <!-- Projet_CAIT.Webdriver_Admin_HRM.TestNG -->
