<?xml version="1.0" encoding="UTF-8"?>
<!-- Generated by org.testng.reporters.JUnitReportReporter -->
<testsuite hostname="DESKTOP-EBT47LB" failures="0" tests="3" name="Projet_CAIT.Webdriver_Admin_HRM.TestNG" time="8.973" errors="0" timestamp="2020-07-25T23:43:38 CEST" skipped="0">
  <testcase classname="Projet_CAIT.Webdriver_Admin_HRM.TestNG" name="Connexion" time="3.655"/>
  <system-out/>
  <testcase classname="Projet_CAIT.Webdriver_Admin_HRM.TestNG" name="AjouterTitre" time="4.162"/>
  <system-out/>
  <testcase classname="Projet_CAIT.Webdriver_Admin_HRM.TestNG" name="Deconnexion" time="1.156"/>
  <system-out/>
</testsuite> <!-- Projet_CAIT.Webdriver_Admin_HRM.TestNG -->
