<?xml version="1.0" encoding="UTF-8"?>
<!-- Generated by org.testng.reporters.JUnitReportReporter -->
<testsuite hostname="DESKTOP-EBT47LB" failures="0" tests="6" name="Projet_CAIT.Webdriver_Admin_HRM.TestNG" time="17.833" errors="0" timestamp="2020-07-27T18:35:56 CEST" skipped="4">
  <testcase classname="Projet_CAIT.Webdriver_Admin_HRM.TestNG" name="Connexion" time="1.999"/>
  <system-out/>
  <testcase classname="Projet_CAIT.Webdriver_Admin_HRM.TestNG" name="AjouterUtilisateurAdminActif" time="15.834"/>
  <system-out/>
  <testcase classname="Projet_CAIT.Webdriver_Admin_HRM.TestNG" name="AjouterTitre">
    <skipped/>
  </testcase> <!-- AjouterTitre -->
  <system-out/>
  <testcase classname="Projet_CAIT.Webdriver_Admin_HRM.TestNG" name="SupprimerTitre">
    <skipped/>
  </testcase> <!-- SupprimerTitre -->
  <system-out/>
  <testcase classname="Projet_CAIT.Webdriver_Admin_HRM.TestNG" name="AjouterStatutEmploi">
    <skipped/>
  </testcase> <!-- AjouterStatutEmploi -->
  <system-out/>
  <testcase classname="Projet_CAIT.Webdriver_Admin_HRM.TestNG" name="SupprimerStatut">
    <skipped/>
  </testcase> <!-- SupprimerStatut -->
  <system-out/>
</testsuite> <!-- Projet_CAIT.Webdriver_Admin_HRM.TestNG -->
