<?xml version="1.0" encoding="UTF-8"?>
<!-- Generated by org.testng.reporters.JUnitReportReporter -->
<testsuite hostname="DESKTOP-EBT47LB" failures="0" tests="8" name="Projet_CAIT.Webdriver_Admin_HRM.TestNG" time="10.888" errors="0" timestamp="2020-07-28T12:26:10 CEST" skipped="4">
  <testcase classname="Projet_CAIT.Webdriver_Admin_HRM.TestNG" name="Connexion" time="1.465"/>
  <system-out/>
  <testcase classname="Projet_CAIT.Webdriver_Admin_HRM.TestNG" name="AjouterTitre" time="3.196"/>
  <system-out/>
  <testcase classname="Projet_CAIT.Webdriver_Admin_HRM.TestNG" name="AjouterTitre" time="2.780"/>
  <system-out/>
  <testcase classname="Projet_CAIT.Webdriver_Admin_HRM.TestNG" name="AjouterTitre" time="3.447"/>
  <system-out/>
  <testcase classname="Projet_CAIT.Webdriver_Admin_HRM.TestNG" name="SupprimerTitre">
    <skipped/>
  </testcase> <!-- SupprimerTitre -->
  <system-out/>
  <testcase classname="Projet_CAIT.Webdriver_Admin_HRM.TestNG" name="AjouterUtilisateurAdminActif">
    <skipped/>
  </testcase> <!-- AjouterUtilisateurAdminActif -->
  <system-out/>
  <testcase classname="Projet_CAIT.Webdriver_Admin_HRM.TestNG" name="AjouterStatutEmploi">
    <skipped/>
  </testcase> <!-- AjouterStatutEmploi -->
  <system-out/>
  <testcase classname="Projet_CAIT.Webdriver_Admin_HRM.TestNG" name="SupprimerStatut">
    <skipped/>
  </testcase> <!-- SupprimerStatut -->
  <system-out/>
</testsuite> <!-- Projet_CAIT.Webdriver_Admin_HRM.TestNG -->
