<?xml version="1.0" encoding="UTF-8"?>
<!-- Generated by org.testng.reporters.JUnitReportReporter -->
<testsuite hostname="DESKTOP-EBT47LB" failures="0" tests="7" name="Projet_CAIT.Webdriver_Admin_HRM.TestSuite" time="19.093" errors="0" timestamp="2020-07-31T19:28:09 CEST" skipped="0">
  <testcase classname="Projet_CAIT.Webdriver_Admin_HRM.TestSuite" name="Connexion" time="4.383"/>
  <system-out/>
  <testcase classname="Projet_CAIT.Webdriver_Admin_HRM.TestSuite" name="AjouterUtilisateurAdminActif" time="4.903"/>
  <system-out/>
  <testcase classname="Projet_CAIT.Webdriver_Admin_HRM.TestSuite" name="AjouterTitre" time="3.298"/>
  <system-out/>
  <testcase classname="Projet_CAIT.Webdriver_Admin_HRM.TestSuite" name="SupprimerTitre" time="1.177"/>
  <system-out/>
  <testcase classname="Projet_CAIT.Webdriver_Admin_HRM.TestSuite" name="AjouterStatutEmploi" time="3.017"/>
  <system-out/>
  <testcase classname="Projet_CAIT.Webdriver_Admin_HRM.TestSuite" name="SupprimerStatut" time="1.131"/>
  <system-out/>
  <testcase classname="Projet_CAIT.Webdriver_Admin_HRM.TestSuite" name="Deconnexion" time="1.184"/>
  <system-out/>
</testsuite> <!-- Projet_CAIT.Webdriver_Admin_HRM.TestSuite -->
